[2018-03-13 14:37:51] request.INFO: Matched route "admin_module_catalog". {"route_parameters":{"_controller":"PrestaShopBundle\\Controller\\Admin\\ModuleController::catalogAction","_legacy_controller":"AdminModules","_route":"admin_module_catalog"},"request_uri":"http://localhost/prestashop/admin630ym9hbo/index.php/module/catalog?_token=ZyH2TSgfms5ySA5ccYIReLTsizH4JZACTvxpuEfg-uM&_token=ZyH2TSgfms5ySA5ccYIReLTsizH4JZACTvxpuEfg-uM"} []
[2018-03-13 14:37:51] security.DEBUG: Read existing security token from the session. {"key":"_security_main"} []
[2018-03-13 14:37:51] security.DEBUG: User was reloaded from a user provider. {"username":"benoit.leguern@gmail.com","provider":"PrestaShopBundle\\Security\\Admin\\EmployeeProvider"} []
[2018-03-13 14:37:57] app.ERROR: Data from PrestaShop Addons is invalid, and cannot fallback on cache.  {"exception":"cURL error 28: See http://curl.haxx.se/libcurl/c/libcurl-errors.html"} []
[2018-03-13 14:38:15] security.DEBUG: Stored the security token in the session. {"key":"_security_main"} []
[2018-03-13 14:38:17] request.INFO: Matched route "admin_module_catalog_refresh". {"route_parameters":{"category":null,"keyword":null,"_controller":"PrestaShopBundle\\Controller\\Admin\\ModuleController::refreshCatalogAction","_legacy_controller":"AdminModules","_route":"admin_module_catalog_refresh"},"request_uri":"http://localhost/prestashop/admin630ym9hbo/index.php/module/catalog/refresh?_token=ZyH2TSgfms5ySA5ccYIReLTsizH4JZACTvxpuEfg-uM&_token=ZyH2TSgfms5ySA5ccYIReLTsizH4JZACTvxpuEfg-uM"} []
[2018-03-13 14:38:18] security.DEBUG: Read existing security token from the session. {"key":"_security_main"} []
[2018-03-13 14:38:18] security.DEBUG: User was reloaded from a user provider. {"username":"benoit.leguern@gmail.com","provider":"PrestaShopBundle\\Security\\Admin\\EmployeeProvider"} []
[2018-03-13 14:38:23] app.ERROR: Data from PrestaShop Addons is invalid, and cannot fallback on cache.  {"exception":"cURL error 28: See http://curl.haxx.se/libcurl/c/libcurl-errors.html"} []
[2018-03-13 14:38:29] app.ERROR: Module & services categories could not be loaded from marketplace API [] []
[2018-03-13 14:38:35] security.DEBUG: Stored the security token in the session. {"key":"_security_main"} []
[2018-03-13 15:09:04] request.INFO: Matched route "admin_module_catalog". {"route_parameters":{"_controller":"PrestaShopBundle\\Controller\\Admin\\ModuleController::catalogAction","_legacy_controller":"AdminModules","_route":"admin_module_catalog"},"request_uri":"http://localhost/prestashop/admin630ym9hbo/index.php/module/catalog?_token=ZyH2TSgfms5ySA5ccYIReLTsizH4JZACTvxpuEfg-uM"} []
[2018-03-13 15:09:04] security.DEBUG: Read existing security token from the session. {"key":"_security_main"} []
[2018-03-13 15:09:04] security.DEBUG: User was reloaded from a user provider. {"username":"benoit.leguern@gmail.com","provider":"PrestaShopBundle\\Security\\Admin\\EmployeeProvider"} []
[2018-03-13 15:09:10] app.ERROR: Data from PrestaShop Addons is invalid, and cannot fallback on cache.  {"exception":"cURL error 28: See http://curl.haxx.se/libcurl/c/libcurl-errors.html"} []
[2018-03-13 15:09:26] security.DEBUG: Stored the security token in the session. {"key":"_security_main"} []
[2018-03-13 15:18:58] request.INFO: Matched route "admin_module_catalog". {"route_parameters":{"_controller":"PrestaShopBundle\\Controller\\Admin\\ModuleController::catalogAction","_legacy_controller":"AdminModules","_route":"admin_module_catalog"},"request_uri":"http://localhost/prestashop/admin630ym9hbo/index.php/module/catalog?_token=ZyH2TSgfms5ySA5ccYIReLTsizH4JZACTvxpuEfg-uM"} []
[2018-03-13 15:18:58] security.DEBUG: Read existing security token from the session. {"key":"_security_main"} []
[2018-03-13 15:18:58] security.DEBUG: User was reloaded from a user provider. {"username":"benoit.leguern@gmail.com","provider":"PrestaShopBundle\\Security\\Admin\\EmployeeProvider"} []
[2018-03-13 15:19:04] app.ERROR: Data from PrestaShop Addons is invalid, and cannot fallback on cache.  {"exception":"cURL error 28: See http://curl.haxx.se/libcurl/c/libcurl-errors.html"} []
[2018-03-13 15:19:20] security.DEBUG: Stored the security token in the session. {"key":"_security_main"} []
[2018-03-13 15:19:23] request.INFO: Matched route "admin_module_catalog_refresh". {"route_parameters":{"category":null,"keyword":null,"_controller":"PrestaShopBundle\\Controller\\Admin\\ModuleController::refreshCatalogAction","_legacy_controller":"AdminModules","_route":"admin_module_catalog_refresh"},"request_uri":"http://localhost/prestashop/admin630ym9hbo/index.php/module/catalog/refresh?_token=ZyH2TSgfms5ySA5ccYIReLTsizH4JZACTvxpuEfg-uM"} []
[2018-03-13 15:19:23] security.DEBUG: Read existing security token from the session. {"key":"_security_main"} []
[2018-03-13 15:19:23] security.DEBUG: User was reloaded from a user provider. {"username":"benoit.leguern@gmail.com","provider":"PrestaShopBundle\\Security\\Admin\\EmployeeProvider"} []
[2018-03-13 15:19:28] app.ERROR: Data from PrestaShop Addons is invalid, and cannot fallback on cache.  {"exception":"cURL error 28: See http://curl.haxx.se/libcurl/c/libcurl-errors.html"} []
[2018-03-13 15:19:34] app.ERROR: Module & services categories could not be loaded from marketplace API [] []
[2018-03-13 15:19:35] security.DEBUG: Stored the security token in the session. {"key":"_security_main"} []
[2018-03-13 15:23:51] request.INFO: Matched route "admin_module_catalog". {"route_parameters":{"_controller":"PrestaShopBundle\\Controller\\Admin\\ModuleController::catalogAction","_legacy_controller":"AdminModules","_route":"admin_module_catalog"},"request_uri":"http://localhost/prestashop/admin630ym9hbo/index.php/module/catalog?_token=ZyH2TSgfms5ySA5ccYIReLTsizH4JZACTvxpuEfg-uM"} []
[2018-03-13 15:23:52] security.DEBUG: Read existing security token from the session. {"key":"_security_main"} []
[2018-03-13 15:23:52] security.DEBUG: User was reloaded from a user provider. {"username":"benoit.leguern@gmail.com","provider":"PrestaShopBundle\\Security\\Admin\\EmployeeProvider"} []
[2018-03-13 15:23:57] app.ERROR: Data from PrestaShop Addons is invalid, and cannot fallback on cache.  {"exception":"cURL error 28: See http://curl.haxx.se/libcurl/c/libcurl-errors.html"} []
[2018-03-13 15:24:13] security.DEBUG: Stored the security token in the session. {"key":"_security_main"} []
[2018-03-13 15:24:16] request.INFO: Matched route "admin_module_catalog_refresh". {"route_parameters":{"category":null,"keyword":null,"_controller":"PrestaShopBundle\\Controller\\Admin\\ModuleController::refreshCatalogAction","_legacy_controller":"AdminModules","_route":"admin_module_catalog_refresh"},"request_uri":"http://localhost/prestashop/admin630ym9hbo/index.php/module/catalog/refresh?_token=ZyH2TSgfms5ySA5ccYIReLTsizH4JZACTvxpuEfg-uM"} []
[2018-03-13 15:24:16] security.DEBUG: Read existing security token from the session. {"key":"_security_main"} []
[2018-03-13 15:24:16] security.DEBUG: User was reloaded from a user provider. {"username":"benoit.leguern@gmail.com","provider":"PrestaShopBundle\\Security\\Admin\\EmployeeProvider"} []
[2018-03-13 15:24:21] app.ERROR: Data from PrestaShop Addons is invalid, and cannot fallback on cache.  {"exception":"cURL error 28: See http://curl.haxx.se/libcurl/c/libcurl-errors.html"} []
[2018-03-13 15:24:27] app.ERROR: Module & services categories could not be loaded from marketplace API [] []
[2018-03-13 15:24:28] security.DEBUG: Stored the security token in the session. {"key":"_security_main"} []
[2018-03-13 15:24:37] request.INFO: Matched route "admin_module_manage". {"route_parameters":{"category":null,"keyword":null,"_controller":"PrestaShopBundle\\Controller\\Admin\\ModuleController::manageAction","_legacy_controller":"AdminModules","_route":"admin_module_manage"},"request_uri":"http://localhost/prestashop/admin630ym9hbo/index.php/module/manage?_token=ZyH2TSgfms5ySA5ccYIReLTsizH4JZACTvxpuEfg-uM"} []
[2018-03-13 15:24:37] security.DEBUG: Read existing security token from the session. {"key":"_security_main"} []
[2018-03-13 15:24:37] security.DEBUG: User was reloaded from a user provider. {"username":"benoit.leguern@gmail.com","provider":"PrestaShopBundle\\Security\\Admin\\EmployeeProvider"} []
[2018-03-13 15:24:42] app.ERROR: Data from PrestaShop Addons is invalid, and cannot fallback on cache.  {"exception":"cURL error 28: See http://curl.haxx.se/libcurl/c/libcurl-errors.html"} []
[2018-03-13 15:24:48] app.ERROR: Module & services categories could not be loaded from marketplace API [] []
[2018-03-13 15:25:06] security.DEBUG: Stored the security token in the session. {"key":"_security_main"} []
[2018-03-13 15:24:37] request.INFO: Matched route "admin_module_manage". {"route_parameters":{"category":null,"keyword":null,"_controller":"PrestaShopBundle\\Controller\\Admin\\ModuleController::manageAction","_legacy_controller":"AdminModules","_route":"admin_module_manage"},"request_uri":"http://localhost/prestashop/admin630ym9hbo/index.php/module/manage?_token=ZyH2TSgfms5ySA5ccYIReLTsizH4JZACTvxpuEfg-uM"} []
[2018-03-13 15:25:06] security.DEBUG: Read existing security token from the session. {"key":"_security_main"} []
[2018-03-13 15:25:06] security.DEBUG: User was reloaded from a user provider. {"username":"benoit.leguern@gmail.com","provider":"PrestaShopBundle\\Security\\Admin\\EmployeeProvider"} []
[2018-03-13 15:25:11] app.ERROR: Data from PrestaShop Addons is invalid, and cannot fallback on cache.  {"exception":"cURL error 28: See http://curl.haxx.se/libcurl/c/libcurl-errors.html"} []
[2018-03-13 15:25:16] app.ERROR: Module & services categories could not be loaded from marketplace API [] []
[2018-03-13 15:25:34] security.DEBUG: Stored the security token in the session. {"key":"_security_main"} []
[2018-03-13 15:24:56] request.INFO: Matched route "admin_module_manage". {"route_parameters":{"category":null,"keyword":null,"_controller":"PrestaShopBundle\\Controller\\Admin\\ModuleController::manageAction","_legacy_controller":"AdminModules","_route":"admin_module_manage"},"request_uri":"http://localhost/prestashop/admin630ym9hbo/index.php/module/manage?_token=ZyH2TSgfms5ySA5ccYIReLTsizH4JZACTvxpuEfg-uM"} []
[2018-03-13 15:25:34] security.DEBUG: Read existing security token from the session. {"key":"_security_main"} []
[2018-03-13 15:25:34] security.DEBUG: User was reloaded from a user provider. {"username":"benoit.leguern@gmail.com","provider":"PrestaShopBundle\\Security\\Admin\\EmployeeProvider"} []
[2018-03-13 15:25:39] app.ERROR: Data from PrestaShop Addons is invalid, and cannot fallback on cache.  {"exception":"cURL error 28: See http://curl.haxx.se/libcurl/c/libcurl-errors.html"} []
[2018-03-13 15:25:45] app.ERROR: Module & services categories could not be loaded from marketplace API [] []
[2018-03-13 15:26:03] security.DEBUG: Stored the security token in the session. {"key":"_security_main"} []
[2018-03-13 15:27:04] request.INFO: Matched route "admin_module_configure_action". {"route_parameters":{"_controller":"PrestaShopBundle\\Controller\\Admin\\ModuleController::configureModuleAction","_legacy_controller":"AdminModules","module_name":"ps_mainmenu","_route":"admin_module_configure_action"},"request_uri":"http://localhost/prestashop/admin630ym9hbo/index.php/module/manage/action/configure/ps_mainmenu?_token=ZyH2TSgfms5ySA5ccYIReLTsizH4JZACTvxpuEfg-uM"} []
[2018-03-13 15:27:04] security.DEBUG: Read existing security token from the session. {"key":"_security_main"} []
[2018-03-13 15:27:04] security.DEBUG: User was reloaded from a user provider. {"username":"benoit.leguern@gmail.com","provider":"PrestaShopBundle\\Security\\Admin\\EmployeeProvider"} []
[2018-03-13 15:27:09] app.ERROR: Data from PrestaShop Addons is invalid, and cannot fallback on cache.  {"exception":"cURL error 28: See http://curl.haxx.se/libcurl/c/libcurl-errors.html"} []
[2018-03-13 15:27:10] security.DEBUG: Stored the security token in the session. {"key":"_security_main"} []
[2018-03-13 15:30:38] request.INFO: Matched route "admin_module_catalog". {"route_parameters":{"_controller":"PrestaShopBundle\\Controller\\Admin\\ModuleController::catalogAction","_legacy_controller":"AdminModules","_route":"admin_module_catalog"},"request_uri":"http://localhost/prestashop/admin630ym9hbo/index.php/module/catalog?_token=ZyH2TSgfms5ySA5ccYIReLTsizH4JZACTvxpuEfg-uM"} []
[2018-03-13 15:30:38] security.DEBUG: Read existing security token from the session. {"key":"_security_main"} []
[2018-03-13 15:30:38] security.DEBUG: User was reloaded from a user provider. {"username":"benoit.leguern@gmail.com","provider":"PrestaShopBundle\\Security\\Admin\\EmployeeProvider"} []
[2018-03-13 15:30:44] app.ERROR: Data from PrestaShop Addons is invalid, and cannot fallback on cache.  {"exception":"cURL error 28: See http://curl.haxx.se/libcurl/c/libcurl-errors.html"} []
[2018-03-13 15:31:01] security.DEBUG: Stored the security token in the session. {"key":"_security_main"} []
[2018-03-13 15:31:04] request.INFO: Matched route "admin_module_catalog_refresh". {"route_parameters":{"category":null,"keyword":null,"_controller":"PrestaShopBundle\\Controller\\Admin\\ModuleController::refreshCatalogAction","_legacy_controller":"AdminModules","_route":"admin_module_catalog_refresh"},"request_uri":"http://localhost/prestashop/admin630ym9hbo/index.php/module/catalog/refresh?_token=ZyH2TSgfms5ySA5ccYIReLTsizH4JZACTvxpuEfg-uM"} []
[2018-03-13 15:31:04] security.DEBUG: Read existing security token from the session. {"key":"_security_main"} []
[2018-03-13 15:31:04] security.DEBUG: User was reloaded from a user provider. {"username":"benoit.leguern@gmail.com","provider":"PrestaShopBundle\\Security\\Admin\\EmployeeProvider"} []
[2018-03-13 15:31:09] app.ERROR: Data from PrestaShop Addons is invalid, and cannot fallback on cache.  {"exception":"cURL error 28: See http://curl.haxx.se/libcurl/c/libcurl-errors.html"} []
[2018-03-13 15:31:15] app.ERROR: Module & services categories could not be loaded from marketplace API [] []
[2018-03-13 15:31:16] security.DEBUG: Stored the security token in the session. {"key":"_security_main"} []
[2018-03-13 15:31:30] request.INFO: Matched route "admin_module_manage". {"route_parameters":{"category":null,"keyword":null,"_controller":"PrestaShopBundle\\Controller\\Admin\\ModuleController::manageAction","_legacy_controller":"AdminModules","_route":"admin_module_manage"},"request_uri":"http://localhost/prestashop/admin630ym9hbo/index.php/module/manage?_token=ZyH2TSgfms5ySA5ccYIReLTsizH4JZACTvxpuEfg-uM"} []
[2018-03-13 15:31:30] security.DEBUG: Read existing security token from the session. {"key":"_security_main"} []
[2018-03-13 15:31:30] security.DEBUG: User was reloaded from a user provider. {"username":"benoit.leguern@gmail.com","provider":"PrestaShopBundle\\Security\\Admin\\EmployeeProvider"} []
[2018-03-13 15:31:35] app.ERROR: Data from PrestaShop Addons is invalid, and cannot fallback on cache.  {"exception":"cURL error 28: See http://curl.haxx.se/libcurl/c/libcurl-errors.html"} []
[2018-03-13 15:31:41] app.ERROR: Module & services categories could not be loaded from marketplace API [] []
[2018-03-13 15:31:59] security.DEBUG: Stored the security token in the session. {"key":"_security_main"} []
[2018-03-13 15:31:31] request.INFO: Matched route "admin_module_manage". {"route_parameters":{"category":null,"keyword":null,"_controller":"PrestaShopBundle\\Controller\\Admin\\ModuleController::manageAction","_legacy_controller":"AdminModules","_route":"admin_module_manage"},"request_uri":"http://localhost/prestashop/admin630ym9hbo/index.php/module/manage?_token=ZyH2TSgfms5ySA5ccYIReLTsizH4JZACTvxpuEfg-uM"} []
[2018-03-13 15:31:59] security.DEBUG: Read existing security token from the session. {"key":"_security_main"} []
[2018-03-13 15:31:59] security.DEBUG: User was reloaded from a user provider. {"username":"benoit.leguern@gmail.com","provider":"PrestaShopBundle\\Security\\Admin\\EmployeeProvider"} []
[2018-03-13 15:32:05] app.ERROR: Data from PrestaShop Addons is invalid, and cannot fallback on cache.  {"exception":"cURL error 28: See http://curl.haxx.se/libcurl/c/libcurl-errors.html"} []
[2018-03-13 15:32:10] app.ERROR: Module & services categories could not be loaded from marketplace API [] []
[2018-03-13 15:32:28] security.DEBUG: Stored the security token in the session. {"key":"_security_main"} []
[2018-03-13 15:32:06] request.INFO: Matched route "admin_module_manage". {"route_parameters":{"category":null,"keyword":null,"_controller":"PrestaShopBundle\\Controller\\Admin\\ModuleController::manageAction","_legacy_controller":"AdminModules","_route":"admin_module_manage"},"request_uri":"http://localhost/prestashop/admin630ym9hbo/index.php/module/manage?_token=ZyH2TSgfms5ySA5ccYIReLTsizH4JZACTvxpuEfg-uM"} []
[2018-03-13 15:32:28] security.DEBUG: Read existing security token from the session. {"key":"_security_main"} []
[2018-03-13 15:32:28] security.DEBUG: User was reloaded from a user provider. {"username":"benoit.leguern@gmail.com","provider":"PrestaShopBundle\\Security\\Admin\\EmployeeProvider"} []
[2018-03-13 15:32:33] app.ERROR: Data from PrestaShop Addons is invalid, and cannot fallback on cache.  {"exception":"cURL error 28: See http://curl.haxx.se/libcurl/c/libcurl-errors.html"} []
[2018-03-13 15:32:39] app.ERROR: Module & services categories could not be loaded from marketplace API [] []
[2018-03-13 15:32:56] security.DEBUG: Stored the security token in the session. {"key":"_security_main"} []
